生成启动时间为 2014/8/18 12:20:05。
     1>项目“F:\github\gitWinFTPService\gitWinFTPService\gitWinFTPService.vcxproj”在节点 2 上(build 个目标)。
     1>InitializeBuildStatus:
         正在创建“Debug\gitWinFTPService.unsuccessfulbuild”，因为已指定“AlwaysCreate”。
       ClCompile:
         C:\Program Files (x86)\Microsoft Visual Studio 10.0\VC\bin\CL.exe /c /ZI /nologo /W3 /WX- /Od /Oy- /D WIN32 /D _DEBUG /D _CONSOLE /D _UNICODE /D UNICODE /Gm /EHsc /RTC1 /MDd /GS /fp:precise /Zc:wchar_t /Zc:forScope /Yc"StdAfx.h" /Fp"Debug\gitWinFTPService.pch" /Fo"Debug\\" /Fd"Debug\vc100.pdb" /Gd /TP /analyze- /errorReport:prompt stdafx.cpp
         stdafx.cpp
         C:\Program Files (x86)\Microsoft Visual Studio 10.0\VC\bin\CL.exe /c /ZI /nologo /W3 /WX- /Od /Oy- /D WIN32 /D _DEBUG /D _CONSOLE /D _UNICODE /D UNICODE /Gm /EHsc /RTC1 /MDd /GS /fp:precise /Zc:wchar_t /Zc:forScope /Yu"StdAfx.h" /Fp"Debug\gitWinFTPService.pch" /Fo"Debug\\" /Fd"Debug\vc100.pdb" /Gd /TP /analyze- /errorReport:prompt gitWinFTPService.cpp
         gitWinFTPService.cpp
       ManifestResourceCompile:
         C:\Program Files (x86)\Microsoft SDKs\Windows\v7.0A\bin\rc.exe /nologo /fo"Debug\gitWinFTPService.exe.embed.manifest.res" Debug\gitWinFTPService_manifest.rc 
       Link:
         C:\Program Files (x86)\Microsoft Visual Studio 10.0\VC\bin\link.exe /ERRORREPORT:PROMPT /OUT:"F:\github\gitWinFTPService\gitWinFTPService\Debug\gitWinFTPService.exe" /INCREMENTAL /NOLOGO kernel32.lib user32.lib gdi32.lib winspool.lib comdlg32.lib advapi32.lib shell32.lib ole32.lib oleaut32.lib uuid.lib odbc32.lib odbccp32.lib /MANIFEST /ManifestFile:"Debug\gitWinFTPService.exe.intermediate.manifest" /MANIFESTUAC:"level='asInvoker' uiAccess='false'" /DEBUG /PDB:"F:\github\gitWinFTPService\gitWinFTPService\Debug\gitWinFTPService.pdb" /SUBSYSTEM:CONSOLE /TLBID:1 /DYNAMICBASE /NXCOMPAT /IMPLIB:"F:\github\gitWinFTPService\gitWinFTPService\Debug\gitWinFTPService.lib" /MACHINE:X86 Debug\gitWinFTPService.exe.embed.manifest.res
         Debug\gitWinFTPService.obj
         Debug\stdafx.obj
       Manifest:
         C:\Program Files (x86)\Microsoft SDKs\Windows\v7.0A\bin\mt.exe /nologo /verbose /out:"Debug\gitWinFTPService.exe.embed.manifest" /manifest Debug\gitWinFTPService.exe.intermediate.manifest
         C:\Program Files (x86)\Microsoft SDKs\Windows\v7.0A\bin\rc.exe /nologo /fo"Debug\gitWinFTPService.exe.embed.manifest.res" Debug\gitWinFTPService_manifest.rc 
       LinkEmbedManifest:
         C:\Program Files (x86)\Microsoft Visual Studio 10.0\VC\bin\link.exe /ERRORREPORT:PROMPT /OUT:"F:\github\gitWinFTPService\gitWinFTPService\Debug\gitWinFTPService.exe" /INCREMENTAL /NOLOGO kernel32.lib user32.lib gdi32.lib winspool.lib comdlg32.lib advapi32.lib shell32.lib ole32.lib oleaut32.lib uuid.lib odbc32.lib odbccp32.lib /MANIFEST /ManifestFile:"Debug\gitWinFTPService.exe.intermediate.manifest" /MANIFESTUAC:"level='asInvoker' uiAccess='false'" /DEBUG /PDB:"F:\github\gitWinFTPService\gitWinFTPService\Debug\gitWinFTPService.pdb" /SUBSYSTEM:CONSOLE /TLBID:1 /DYNAMICBASE /NXCOMPAT /IMPLIB:"F:\github\gitWinFTPService\gitWinFTPService\Debug\gitWinFTPService.lib" /MACHINE:X86 Debug\gitWinFTPService.exe.embed.manifest.res
         Debug\gitWinFTPService.obj
         Debug\stdafx.obj
         gitWinFTPService.vcxproj -> F:\github\gitWinFTPService\gitWinFTPService\Debug\gitWinFTPService.exe
       FinalizeBuildStatus:
         正在删除文件“Debug\gitWinFTPService.unsuccessfulbuild”。
         正在对“Debug\gitWinFTPService.lastbuildstate”执行 Touch 任务。
     1>已完成生成项目“F:\github\gitWinFTPService\gitWinFTPService\gitWinFTPService.vcxproj”(build 个目标)的操作。

生成成功。

已用时间 00:00:03.09
